{
  "RSpec": {
    "coverage": {
      "/Users/akuaa/Documents/projects/chitter_challenge_2/spec/database_connection_spec.rb": [
        1,
        null,
        1,
        1,
        1,
        1,
        null,
        1,
        null,
        null,
        1,
        1,
        null,
        1,
        null,
        null,
        null,
        1,
        1,
        1,
        null,
        1,
        null,
        1,
        null,
        null,
        null
      ],
      "/Users/akuaa/Documents/projects/chitter_challenge_2/lib/database_connection.rb": [
        1,
        null,
        1,
        null,
        1,
        null,
        1,
        3,
        null,
        null,
        1,
        1,
        null,
        null,
        1,
        1,
        null,
        null
      ],
      "/Users/akuaa/Documents/projects/chitter_challenge_2/spec/features/authentication_spec.rb": [

      ],
      "/Users/akuaa/Documents/projects/chitter_challenge_2/spec/features/homepage_test_spec.rb": [
        1,
        1,
        1,
        1,
        null,
        null
      ],
      "/Users/akuaa/Documents/projects/chitter_challenge_2/spec/features/view_peep_spec.rb": [
        1,
        null,
        1,
        1,
        1,
        null,
        1,
        null,
        1,
        null,
        null
      ],
      "/Users/akuaa/Documents/projects/chitter_challenge_2/spec/features/web_helper.rb": [
        1,
        1,
        null,
        null,
        null,
        null
      ],
      "/Users/akuaa/Documents/projects/chitter_challenge_2/spec/peeps_spec.rb": [
        1,
        null,
        1,
        1,
        1,
        1,
        null,
        0,
        null,
        null,
        null,
        null,
        1,
        1,
        1,
        0,
        null,
        0,
        0,
        null,
        null,
        null
      ],
      "/Users/akuaa/Documents/projects/chitter_challenge_2/lib/peeps.rb": [
        1,
        null,
        1,
        1,
        null,
        1,
        0,
        0,
        null,
        null,
        null,
        1,
        2,
        0,
        null,
        null,
        1,
        0,
        0,
        null,
        0,
        null,
        null,
        0,
        0,
        null,
        null
      ],
      "/Users/akuaa/Documents/projects/chitter_challenge_2/spec/tag_spec.rb": [

      ],
      "/Users/akuaa/Documents/projects/chitter_challenge_2/spec/user_spec.rb": [

      ]
    },
    "timestamp": 1555319829
  }
}
